os.PathError$LastOnEmptyPath: empty path has no last segment
  os.PathError$LastOnEmptyPath$.apply(Path.scala:228)
  os.BasePathImpl.last$$anonfun$1(Path.scala:210)
  scala.Option.getOrElse(Option.scala:201)
  os.BasePathImpl.last(Path.scala:210)
  os.BasePathImpl.last$(Path.scala:190)
  os.Path.last(Path.scala:483)
  scala.build.input.Inputs$.validateArgs$$anonfun$1(Inputs.scala:276)
  scala.collection.immutable.List.map(List.scala:247)
  scala.collection.immutable.List.map(List.scala:79)
  scala.build.input.Inputs$.validateArgs(Inputs.scala:317)
  scala.build.input.Inputs$.forNonEmptyArgs(Inputs.scala:342)
  scala.build.input.Inputs$.apply(Inputs.scala:460)
  scala.cli.commands.shared.SharedOptions$.inputs(SharedOptions.scala:717)
  scala.cli.commands.shared.SharedOptions.inputs(SharedOptions.scala:632)
  scala.cli.commands.compile.Compile$.runCommand(Compile.scala:40)
  scala.cli.commands.compile.Compile$.runCommand(Compile.scala:38)
  scala.cli.commands.ScalaCommand.run(ScalaCommand.scala:388)
  scala.cli.commands.ScalaCommand.run(ScalaCommand.scala:369)
  caseapp.core.app.CaseApp.main(CaseApp.scala:157)
  scala.cli.commands.ScalaCommand.main(ScalaCommand.scala:354)
  caseapp.core.app.CommandsEntryPoint.main(CommandsEntryPoint.scala:169)
  scala.cli.ScalaCliCommands.main(ScalaCliCommands.scala:125)
  scala.cli.ScalaCli$.main0(ScalaCli.scala:296)
  scala.cli.ScalaCli$.main(ScalaCli.scala:119)
  scala.cli.ScalaCli.main(ScalaCli.scala)
